<?xml version="1.0" encoding="UTF-8"?>
<testsuite xmlns:xsi="http://www.w3.org/2001/XMLSchema-instance" xsi:noNamespaceSchemaLocation="https://maven.apache.org/surefire/maven-surefire-plugin/xsd/surefire-test-report.xsd" name="com.stackroute.sampletest.BookTest" time="0.005" tests="1" errors="0" skipped="0" failures="1">
  <properties>
[...]
</properties>
  <testcase name="com.stackroute.sampletest.BookTest.testAuthorName" classname="com.stackroute.sampletest.BookTest" time="0.002">
    <failure message="Cannot invoke &quot;com.stackroute.sampletest.Book.isValid()&quot; because &quot;this.book&quot; is null" type="java.lang.NullPointerException">java.lang.NullPointerException: Cannot invoke "com.stackroute.sampletest.Book.isValid()" because "this.book" is null
	at com.stackroute.sampletest.BookTest.testAuthorName(BookTest.java:140)
</failure>
  </testcase>
</testsuite>